<?xml version="1.0" encoding="UTF-8"?>
<!-- Generated by org.testng.reporters.JUnitReportReporter -->
<testsuite skipped="0" hostname="Zinnun" name="com.OrangeHRMAutomation.testcases.TC_LogoDisplayed_002" tests="1" failures="0" timestamp="19 Nov 2021 14:30:27 GMT" time="26.152" errors="0">
  <testcase name="logoCheck" time="26.152" classname="com.OrangeHRMAutomation.testcases.TC_LogoDisplayed_002"/>
</testsuite> <!-- com.OrangeHRMAutomation.testcases.TC_LogoDisplayed_002 -->
