<?xml version="1.0" encoding="UTF-8"?>
<!-- Generated by org.testng.reporters.JUnitReportReporter -->
<testsuite skipped="0" hostname="Zinnun" name="com.OrangeHRMAutomation.testcases.TC_EditEmployeedetails_004" tests="1" failures="0" timestamp="13 Jan 2022 09:23:18 GMT" time="33.173" errors="0">
  <testcase name="editInfo" time="33.173" classname="com.OrangeHRMAutomation.testcases.TC_EditEmployeedetails_004"/>
</testsuite> <!-- com.OrangeHRMAutomation.testcases.TC_EditEmployeedetails_004 -->
