<?xml version="1.0" encoding="UTF-8"?>
<!-- Generated by org.testng.reporters.JUnitReportReporter -->
<testsuite skipped="0" hostname="Zinnun" name="com.OrangeHRMAutomation.testcases.TC_005_ChangeProfilePicture" tests="1" failures="0" timestamp="30 Jan 2022 17:20:59 GMT" time="27.059" errors="0">
  <testcase name="changeProfilePicture" time="27.059" classname="com.OrangeHRMAutomation.testcases.TC_005_ChangeProfilePicture"/>
</testsuite> <!-- com.OrangeHRMAutomation.testcases.TC_005_ChangeProfilePicture -->
