<?xml version="1.0" encoding="UTF-8"?>
<!-- Generated by org.testng.reporters.JUnitReportReporter -->
<testsuite skipped="0" hostname="Zinnun" name="com.OrangeHRMAutomation.testcases.TC_EditEmployeedetails_004" tests="1" failures="0" timestamp="16 Mar 2021 16:09:44 GMT" time="42.470" errors="0">
  <testcase name="editInfo" time="42.470" classname="com.OrangeHRMAutomation.testcases.TC_EditEmployeedetails_004"/>
</testsuite> <!-- com.OrangeHRMAutomation.testcases.TC_EditEmployeedetails_004 -->
