<?xml version="1.0" encoding="UTF-8"?>
<!-- Generated by org.testng.reporters.JUnitReportReporter -->
<testsuite skipped="0" hostname="Zinnun" name="com.OrangeHRMAutomation.testcases.TC_006_addEmployee_DataDriven" tests="3" failures="0" timestamp="25 Mar 2022 04:55:30 GMT" time="49.309" errors="0">
  <testcase name="addNewCustomer" time="13.620" classname="com.OrangeHRMAutomation.testcases.TC_006_addEmployee_DataDriven"/>
  <testcase name="addNewCustomer" time="13.591" classname="com.OrangeHRMAutomation.testcases.TC_006_addEmployee_DataDriven"/>
  <testcase name="addNewCustomer" time="22.098" classname="com.OrangeHRMAutomation.testcases.TC_006_addEmployee_DataDriven"/>
</testsuite> <!-- com.OrangeHRMAutomation.testcases.TC_006_addEmployee_DataDriven -->
