<?xml version="1.0" encoding="UTF-8"?>
<!-- Generated by org.testng.reporters.JUnitReportReporter -->
<testsuite skipped="0" hostname="Zinnun" name="com.OrangeHRMAutomation.testcases.TC_LoginTest_001" tests="1" failures="0" timestamp="18 Nov 2021 17:49:44 GMT" time="21.046" errors="0">
  <testcase name="loginOrange" time="21.046" classname="com.OrangeHRMAutomation.testcases.TC_LoginTest_001"/>
</testsuite> <!-- com.OrangeHRMAutomation.testcases.TC_LoginTest_001 -->
