<?xml version="1.0" encoding="UTF-8"?>
<!-- Generated by org.testng.reporters.JUnitReportReporter -->
<testsuite skipped="0" hostname="Zinnun" name="com.OrangeHRMAutomation.testcases.TC_ChangeProfilePicture_005" tests="1" failures="0" timestamp="16 Jan 2022 05:49:26 GMT" time="29.185" errors="0">
  <testcase name="changeProfilePicture" time="29.185" classname="com.OrangeHRMAutomation.testcases.TC_ChangeProfilePicture_005"/>
</testsuite> <!-- com.OrangeHRMAutomation.testcases.TC_ChangeProfilePicture_005 -->
