<?xml version="1.0" encoding="UTF-8"?>
<!-- Generated by org.testng.reporters.JUnitReportReporter -->
<testsuite hostname="Zinnun" failures="0" tests="1" name="com.OrangeHRMAutomation.testcases.TC_002_LogoDisplayed" time="12.167" errors="0" timestamp="2022-06-13T09:56:46 BDT" skipped="0">
  <testcase classname="com.OrangeHRMAutomation.testcases.TC_002_LogoDisplayed" name="logoCheck" time="12.167"/>
  <system-out/>
</testsuite> <!-- com.OrangeHRMAutomation.testcases.TC_002_LogoDisplayed -->
