<?xml version="1.0" encoding="UTF-8"?>
<!-- Generated by org.testng.reporters.JUnitReportReporter -->
<testsuite skipped="0" hostname="Zinnun" name="com.OrangeHRMAutomation.testcases.TC_LoginTest_001" tests="1" failures="0" timestamp="07 Mar 2021 17:26:18 GMT" time="11.881" errors="0">
  <testcase name="loginOrange" time="11.881" classname="com.OrangeHRMAutomation.testcases.TC_LoginTest_001"/>
</testsuite> <!-- com.OrangeHRMAutomation.testcases.TC_LoginTest_001 -->
